make.exe all --print-data-base --no-builtin-variables --no-builtin-rules --question
# GNU Make 3.82.90
# Built for i686-pc-mingw32
# Copyright (C) 1988-2012 Free Software Foundation, Inc.
# License GPLv3+: GNU GPL version 3 or later <http://gnu.org/licenses/gpl.html>
# This is free software: you are free to change and redistribute it.
# There is NO WARRANTY, to the extent permitted by law.
 

# Make data base, printed on Sun Jan 09 13:45:03 2022

# Variables

# automatic
<D = $(patsubst %/,%,$(patsubst %\,%,$(dir $<)))
# automatic
?F = $(notdir $?)
# default
.SHELLFLAGS := -c
# makefile (from 'makefile', line 12)
OBJ = $(SRC:.cpp =$(OBJDIR)/*.o)
# makefile (from 'makefile', line 11)
SRC = $(wildcard $(SRCDIR)/*.cpp)
# makefile
MAKEFLAGS = Rrqp
# environment
VSCODE_LOG_NATIVE = false
# automatic
?D = $(patsubst %/,%,$(patsubst %\,%,$(dir $?)))
# makefile (from 'makefile', line 13)
INCLUDES = $(w 
ildcard $(HPPDIR)/*.hpp)
# automatic
@D = $(patsubst %/,%,$(patsubst %\,%,$(dir $@)))
# environment
HOMEDRIVE = C:
# automatic
@F = $(notdir $@)
# automatic
^D = $(patsubst %/,%,$(patsubst %\,%,$(dir $^)))
# makefile
CURDIR := c:/Users/Gyro/Documents/POLYTECH/ET4/C++/Projet/Magic
# default
SHELL := sh.exe
# makefile (from 'makefile', line 9)
BIN = bin
# environment
WINDIR = C:\WINDOWS
# environment
VSCODE_NLS_CONFIG = {"locale":"fr","availableLanguages":{},"_languagePackSupport":true}
# environment
ONEDRIVE = C:\Users\Gyro\OneDrive
# environment
PATHEXT = .COM;.EXE;.BAT;.CMD;.VBS;.VBE;.JS;.JSE;.WSF;.WSH;.MSC;.PY;.PYW
# makefile (from 'makefile', line 1)
MAKEFILE_LIST :=  makefile
# environment
TMP = C:\Users\Gyro\AppData\Local\Temp
# makefile (from 'makefile', line 2)
CXXFLAGS = -Wall -Wextra
# environment
VSCODE_VERBOSE_LOGGING = true
# environment
PROGRAMW6432 = C:\Program Files
# environment
PROGRAMDATA = C:\ProgramData
# environment
VSCODE_IPC_HOOK_EXTHOST = \\.\pipe\vscode-ipc-f3a05ee1-29f6-49c2-8087-93a8394f8fdb-sock
# environment
VSCODE_CWD = C:\Users\Gyro\AppData\Local\Programs\Microsoft VS Code
# environment
PATH = C:\Python310\Scripts\;C:\Python310\;C:\Program Files (x86)\Intel\Intel(R) Management Engine Components\iCLS\;C:\Program Files\Intel\Intel(R) Management Engine Components\iCLS\;C:\Windows\system32;C:\Windows;C:\Windows\System32\Wbem;C:\Windows\System32\WindowsPowerShell\v1.0\;C:\Windows\System32\OpenSSH\;C:\Program Files (x86)\Intel\Intel(R) Management Engine Components\DAL;C:\Program Files\Intel\Intel(R) Management Engine Components\DAL;C:\Program Files (x86)\Intel\Intel(R) Management Engine Components\IPT;C:\Program Files\Intel\Intel(R) Management Engine Components\IPT;C:\Program Files (x86)\NVIDIA Corporation\PhysX\Common;C:\WINDOWS\system32;C:\WINDOWS;C:\WINDOWS\System32\Wbem;C:\WINDOWS\System32\WindowsPowerShell\v1.0\;C:\WINDOWS\System32\OpenSSH\;C:\Program Files\Microsoft SQL Server\Client SDK\ODBC\110\Tools\Binn\;C:\Program Files (x86)\Microsoft SQL Server\120\Tools\Binn\;C:\Program Files\Microsoft SQL Server\120\Tools\Binn\;C:\Program Files\Microsoft SQL Server\120\DTS\Binn\;C:\Program Files (x86)\Windows Kits\8.1\Windows Performance Toolkit\;C:\Program Files\nodejs\;C:\ProgramData\chocolatey\bin;C:\Program Files\Git\cmd;C:\OCaml64\usr\local\bin;C:\Users\Gyro\AppData\Local\Microsoft\WindowsApps;C:\Program Files\JetBrains\IntelliJ IDEA Community Edition 2021.2.2\bin;;C:\Users\Gyro\AppData\Roaming\npm;C:\Users\Gyro\AppData\Local\Programs\Microsoft VS Code\bin;C:\OCaml64\usr\local\bin;C:\OCaml64\home\Gyro\.opam\4.12.0+mingw64c\bin;C:\MinGW\bin;
# environment
SW_SIM_HYDRA = C:\Program Files\Common Files\SolidWorks Shared\Simulation Worker Agent\
# environment
COMMONPROGRAMW6432 = C:\Program Files\Common Files
# environment
CHOCOLATEYLASTPATHUPDATE = 132815693815567360
# environment
PROCESSOR_ARCHITECTURE = x86
# environment
USERPROFILE = C:\Users\Gyro
# environment
CHOCOLATEYINSTALL = C:\ProgramData\chocolatey
# makefile (from 'makefile', line 14)
EXEPATH = $(BIN)/$(EXEC)
# environment
ALLUSERSPROFILE = C:\ProgramData
# environment
VSCODE_LOG_STACK = false
# environment
NUMBER_OF_PROCESSORS = 8
# environment
ELECTRON_RUN_AS_NODE = 1
# default
.FEATURES := target-specific order-only second-expansion else-if shortest-stem undefine oneshell archives jobserver
# makefile (from 'makefile', line 6)
SRCDIR = sources
# automatic
%F = $(notdir $%)
# environment
CHROME_CRASHPAD_PIPE_NAME = \\.\pipe\crashpad_11600_SBCRILIURMDXJVCY
# environment
VSCODE_PIPE_LOGGING = true
# environment
COMPUTERNAME = DESKTOP-E02KJJH
# environment
PROGRAMFILES = C:\Program Files (x86)
# environment
DRIVERDATA = C:\Windows\System32\Drivers\DriverData
# environment
ORIGINAL_XDG_CURRENT_DESKTOP = undefined
# environment
USERNAME = Gyro
# environment
PUBLIC = C:\Users\Public
# environment
VSCODE_AMD_ENTRYPOINT = vs/workbench/services/extensions/node/extensionHostProcess
# environment
VSCODE_CODE_CACHE_PATH = C:\Users\Gyro\AppData\Roaming\Code\CachedData\899d46d82c4c95423fb7e10e68eba52050e30ba3
# environment
APPLICATION_INSIGHTS_NO_DIAGNOSTIC_CHANNEL = true
# environment
COMMONPROGRAMFILES = C:\Program Files (x86)\Common Files
# environment
LOGONSERVER = \\DESKTOP-E02KJJH
# environment
ONEDRIVECONSUMER = C:\Users\Gyro\OneDrive
# environment
VSCODE_HANDLES_UNCAUGHT_ERRORS = true
# environment
USERDOMAIN = DESKTOP-E02KJJH
# environment
MAKELEVEL := 0
# environment
INTELLIJ IDEA COMMUNITY EDITION = C:\Program Files\JetBrains\IntelliJ IDEA Community Edition 2021.2.2\bin;
# default
MAKE = $(MAKE_COMMAND)
# default
MAKECMDGOALS := all
# makefile (from 'makefile', line 4)
EXEC = magic
# default
MAKE_VERSION := 3.82.90
# makefile
.DEFAULT_GOAL := all
# environment
PROGRAMFILES(X86) = C:\Program Files (x86)
# automatic
%D = $(patsubst %/,%,$(patsubst %\,%,$(dir $%)))
# environment
LOCALAPPDATA = C:\Users\Gyro\AppData\Local
# environment
PSMODULEPATH = C:\Program Files\WindowsPowerShell\Modules;C:\WINDOWS\system32\WindowsPowerShell\v1.0\Modules;C:\Program Files (x86)\Microsoft SQL Server\120\Tools\PowerShell\Modules\
# default
MAKE_COMMAND := make.exe
# environment
PROCESSOR_ARCHITEW6432 = AMD64
# default
.VARIABLES := 
# automatic
*F = $(notdir $*)
# environment
PROCESSOR_IDENTIFIER = Intel64 Family 6 Model 158 Stepping 10, GenuineIntel
# environment
OS = Windows_NT
# environment
VSCODE_IPC_HOOK = \\.\pipe\a1f70c9b97f9964ab5c35e25a8d7c881-1.63.2-main-sock
# environment
HOMEPATH = \Users\Gyro
# environment
COMMONPROGRAMFILES(X86) = C:\Program Files (x86)\Common Files
# environment
PROMPT = $P$G
# environment
MFLAGS = -Rrqp
# automatic
*D = $(patsubst %/,%,$(patsubst %\,%,$(dir $*)))
# environment
SYSTEMROOT = C:\WINDOWS
# automatic
+D = $(patsubst %/,%,$(patsubst %\,%,$(dir $+)))
# automatic
+F = $(notdir $+)
# makefile (from 'makefile', line 8)
HPPDIR = includes
# environment
APPDATA = C:\Users\Gyro\AppData\Roaming
# environment
TEMP = C:\Users\Gyro\AppData\Local\Temp
# environment
COMSPEC = C:\WINDOWS\system32\cmd.exe
# default
MAKEFILES := 
# automatic
<F = $(notdir $<)
# makefile (from 'makefile', line 7)
OBJDIR = obj
# makefile (from 'makefile', line 1)
CXX = g++
# environment
LC_ALL = C
# environment
SW_SIM_TEMP = C:\ProgramData\SOLIDWORKS\SW_net_sim_temp\
# automatic
^F = $(notdir $^)
# default
SUFFIXES := 
# environment
SYSTEMDRIVE = C:
# environment
SESSIONNAME = Console
# environment
PROCESSOR_REVISION = 9e0a
# environment
SW_SIM_MPIT = INTELMPI
# default
.INCLUDE_DIRS = C:/MinGW/include
# default
.RECIPEPREFIX := 
# environment
LANG = C
# environment
PROCESSOR_LEVEL = 6
# environment
VSCODE_PID = 11600
# environment
USERDOMAIN_ROAMINGPROFILE = DESKTOP-E02KJJH
# variable set hash-table stats:
# Load=107/1024=10%, Rehash=0, Collisions=13/146=9%

# Pattern-specific Variable Values

# No pattern-specific variable values.

# Directories

# : could not be stat'd.
# C:\Program Files\JetBrains\IntelliJ IDEA Community Edition 2021.2.2\bin (key C:/Program Files/JetBrains/IntelliJ IDEA Community Edition 2021.2.2/bin, mtime 1632508022): 31 files, no impossibilities.
# C:\Program Files\Microsoft SQL Server\Client SDK\ODBC\110\Tools\Binn\ (key C:/Program Fi 
les/Microsoft SQL Server/Client SDK/ODBC/110/Tools/Binn/, mtime 1632577635): 6 files, no impossibilities.
# C:\Windows\System32\WindowsPowerShell\v1.0\ (key C:/Windows/System32/WindowsPowerShell/v1.0/, mtime 1639844476): 32 files, no impossibilities.
# C:\WINDOWS\System32\Wbem (key C:/WINDOWS/System32/Wbem, mtime 1639846534): 155 files, no impossibilities.
# . (key c:/Users/Gyro/Documents/POLYTECH/ET4/C++/Projet/Magic, mtime 1641732301): 10 files, no impossibilities.
# sources (key c:/Users/Gyro/Documents/POLYTECH/ET4/C++/Projet/Magic/sources, mtime 1641659089): 6 files, no impossibilities.
# C:\Program Files (x86)\Intel\Intel(R) Management Engine Components\iCLS\ (key C:/Program Files (x86)/Intel/Intel(R) Management Engine Components/iCLS/, mtime 1626003226): 8 files, no impossibilities.
# C:\Python310\ (key C:/Python310/, mtime 1637096132): 18 files, no impossibilities.
# C:\Program Files\Git\cmd (key C:/Program Files/Git/cmd, mtime 1637515632): 8 files, no impossibilities.
# C:\Windows\System32\OpenSSH\: could not be stat'd.
# C:\Program Files (x86)\Microsoft SQL Server\120\Tools\Binn\ (key C:/Program Files (x86)/Microsoft SQL Server/120/Tools/Binn/, mtime 1632577602): 12 files, no impossibilities.
# C:\Python310\Scripts\ (key C:/Python310/Scripts/, mtime 1637096132): 5 files, no impossibilities.
# C:\OCaml64\home\Gyro\.opam\4.12.0+mingw64c\bin (key C:/OCaml64/home/Gyro/.opam/4.12.0+mingw64c/bin, mtime 1639930341): 52 files, no impossibilities.
# C:\MinGW\bin (key C:/MinGW/bin, mtime 1639933798): 143 files, no impossibilities.
# C:\Program Files (x86)\NVIDIA Corporation\PhysX\Common (key C:/Program Files (x86)/NVIDIA Corporation/PhysX/Common, mtime 1632577917): 11 files, no impossibilities.
# C:\Program Files\Microsoft SQL Server\120\DTS\Binn\ (key C:/Program Files/Microsoft SQL Server/120/DTS/Binn/, mtime 1632577637): 38 files, no impossibilities.
# C:\Program Files\Intel\Intel(R) Management Engine Components\DAL (key C:/Program Files/Intel/Intel(R) Management Engine Components/DAL, mtime 1626003173): 4 files, no impossibilities.
# C:\WINDOWS (key C:/WINDOWS, mtime 1639851693): 124 files, no impossibilities.
# C:\OCaml64\usr\local\bin (key C:/OCaml64/usr/local/bin, mtime 1639926397): 14 files, no impossibilities.
# C:\Program Files\Intel\Intel(R) Management Engine Components\IPT (key C:/Program Files/Intel/Intel(R) Management Engine Components/IPT, mtime 1626003173): 5 files, no impossibilities.
# C:\ProgramData\chocolatey\bin (key C:/ProgramData/chocolatey/bin, mtime 1637095781): 13 files, no impossibilities.
 
# C:\Windows (key C:/Windows, mtime 1639851693): 124 files, no impossibilities.
# C:\Users\Gyro\AppData\Roaming\npm (key C:/Users/Gyro/AppData/Roaming/npm, mtime 1637161006): 6 files, no impossibilities.
# C:\Windows\System32\Wbem (key C:/Windows/System32/Wbem, mtime 1639846534): 155 files, no impossibilities.
# C:\Program Files (x86)\Windows Kits\8.1\Windows Performance Toolkit\ (key C:/Program Files (x86)/Windows Kits/8.1/Windows Performance Toolkit/, mtime 1632577768): 73 files, no impossibilities.
# C:\Users\Gyro\AppData\Local\Microsoft\WindowsApps (key C:/Users/Gyro/AppData/Local/Microsoft/WindowsApps, mtime 1640032586): 35 files, no impossibilities.
# C:\Program Files\nodejs\ (key C:/Program Files/nodejs/, mtime 1637095683): 13 files, no impossibilities.
# C:\WINDOWS\System32\WindowsPowerShell\v1.0\ (key C:/WINDOWS/System32/WindowsPowerShell/v1.0/, mtime 1639844476): 32 files, no impossibilities.
# C:\Windows\system32 (key C:/Windows/system32, mtime 1641453598): 3021 files, no impossibilities.
# C:\Program Files\Intel\Intel(R) Management Engine Components\iCLS\ (key C:/Program Files/Intel/Intel(R) Management Engine Components/iCLS/, mtime 1626003173): 11 files, no impossibilities.
# C:\Program Files (x86)\Intel\Intel(R) Management Engine Components\DAL (key C:/Program Files (x86)/Intel/Intel(R) Management Engine Components/DAL, mtime 1626003226): 10 files, no impossibilities.
# C:\Program Files\Microsoft SQL Server\120\Tools\Binn\ (key C:/Program Files/Microsoft SQL Server/120/Tools/Binn/, mtime 163257760 
3): 14 files, no impossibilities.
# C:\Program Files (x86)\Intel\Intel(R) Management Engine Components\IPT (key C:/Program Files (x86)/Intel/Intel(R) Management Engine Components/IPT, mtime 1626003226): 6 files, no impossibilities.
# C:\Users\Gyro\AppData\Local\Programs\Microsoft VS Code\bin (key C:/Users/Gyro/AppData/Local/Programs/Microsoft VS Code/bin, mtime 1639924489): 4 files, no impossibilities.
# C:\WINDOWS\System32\OpenSSH\: could not be stat'd.
# C:\WINDOWS\system32 (key C:/WINDOWS/system32, mtime 1641453598): 3021 files, no impossibilities.

# 7220 files, no impossibilities in 37 directories.

# Implicit Rules

obj/%.o: sources/%.cpp
#  recipe to execute (from 'makefile', line 19):
	$(CXX) $(CXXFLAGS) $< -c -o $@ -I ./$(HPPDIR)/

# 1 implicit rules, 0 (0.0%) terminal.

# Files

# Not a target:
sources/main.cpp:
#  Implicit rule search has been done.
#  Last modified 2022-01-08 17:24:43
#  File has been updated.
#  Successfully updated.

all: bin/magic
#  Command line target.
#  Implicit rule search has been done.
#  File does not exist.
#  File has been updated.
#  Needs to be updated (-q is set).
# variable set hash-table stats:
# Load=0/32=0%, Rehash=0, Collisions=0/5=0%

.PHONY: run clean
#  Implicit rule search has not been done.
#  Modification time never checked.
#  File has not been updated.

# Not a target:
.SUFFIXES:
#  Implicit rule search has not been done.
#  Modification time never checked.
#  File has not been updated.

# Not a target:
sources/Player.cpp:
#  Implicit rule search has been done.
#  Last modified 2022-01-08 17:24:49
#  File has been updated.
#  Successfully updated.

# Not a target:
makefile:
#  Implicit rule search has been done.
#  Last modified 2022-01-08 23:22:17
#  File has been updated.
#  Successfully updated.

# Not a target:
.DEFAULT:
#  Implicit rule search has not been done.
#  Modification time never checked.
#  File has not been updated.

run: bin/magic
#  Phony target (prerequisite of .PHONY).
#  Implicit rule search has not been done.
#  File does not exist.
# 
  File has not been updated.
#  recipe to execute (from 'makefile', line 29):
	cls
	./$<

# Not a target:
sources/Battlefield.cpp:
#  Implicit rule search has been done.
#  Last modified 2022-01-08 17:24:30
#  File has been updated.
#  Successfully updated.

clean:
#  Phony target (prerequisite of .PHONY).
#  Implicit rule search has not been done.
#  File does not exist.
#  File has not been updated.
#  recipe to execute (from 'makefile', line 33):
	rm -f $(OBJDIR)/*.o *~ *.core

bin/magic: sources/main.cpp sources/Battlefield.cpp sources/Player.cpp sources/Game.cpp
#  Implicit rule search has not been done.
#  Implicit/static pattern stem: ''
#  File does not exist.
#  File has been updated.
#  Needs to be updated (-q is set).
# automatic
# @ := bin/magic
# automatic
# % := 
# automatic
# * := 
# automatic
# + := sources/main.cpp sources/Battlefield.cpp sources/Player.cpp sources/Game.cpp
# automatic
# | := 
# automatic
# < := sources/main.cpp
# automatic
# ^ := sources/main.cpp sources/Battlefield.cpp sources/Player.cpp sources/Game.cpp
# automatic
# ? := sources/main.cpp sources/Battlefield.cpp sources/Player.cpp sources/Game.cpp
# variable set hash-table stats:
# Load=8/32=25%, Rehash=0, Collisions=1/15=7%
#  recipe to execute (from 'makefile', line 24):
	$(CXX) $^ -o $@ -I ./$(HPPDIR)/

# Not a target:
sources/Game.cpp:
#  Implicit rule search has been done.
#  Last modified 2022-01-08 17:24:37
#  File has been updated.
#  Successfully updated.

# files hash-table stats:
# Load=12/1024=1%, Rehash=0, Colli 
sions=0/35=0%
# VPATH Search Paths

# No 'vpath' search paths.

# No general ('VPATH' variable) search path.

# strcache buffers: 8 (6) / strings = 3835 / storage = 58169 B / avg = 15 B
# current buf: size = 8174 B / used = 1024 B / count = 75 / avg = 13 B
# other used: total = 49995 B / count = 3760 / avg = 13 B
# other free: total = 73 B / max = 17 B / min = 4 B / avg = 10 B

# strcache performance: lookups = 7284 / hit rate = 47%
# hash-table stats:
# Load=3835/8192=47%, Rehash=0, Collisions=2533/7284=35%
# Finished Make data base on Sun Jan 09 13:45:03 2022

 
